<?xml version="1.0" encoding="UTF-8"?>
<!-- Generated by org.testng.reporters.JUnitReportReporter -->
<testsuite skipped="0" hostname="DESKTOP-KGRR886" name="restapi.GetRequest" tests="1" failures="0" timestamp="03 Dec 2022 06:30:25 GMT" time="24.334" errors="0">
  <testcase name="Test1" time="24.334" classname="restapi.GetRequest"/>
</testsuite> <!-- restapi.GetRequest -->
