<?xml version="1.0" encoding="UTF-8"?>
<!-- Generated by org.testng.reporters.JUnitReportReporter -->
<testsuite skipped="0" hostname="DESKTOP-KGRR886" name="restapi.PutRequest" tests="1" failures="0" timestamp="04 Dec 2022 04:34:16 GMT" time="5.769" errors="0">
  <testcase name="Test1" time="5.769" classname="restapi.PutRequest"/>
</testsuite> <!-- restapi.PutRequest -->
