<?xml version="1.0" encoding="UTF-8"?>
<!-- Generated by org.testng.reporters.JUnitReportReporter -->
<testsuite skipped="0" hostname="DESKTOP-KGRR886" name="restapi.PostRequest" tests="1" failures="0" timestamp="03 Dec 2022 07:09:17 GMT" time="20.916" errors="0">
  <testcase name="Test1" time="20.916" classname="restapi.PostRequest"/>
</testsuite> <!-- restapi.PostRequest -->
