<?xml version="1.0" encoding="UTF-8"?>
<!-- Generated by org.testng.reporters.JUnitReportReporter -->
<testsuite skipped="0" hostname="DESKTOP-KGRR886" name="restapibdd.GetRequest" tests="3" failures="0" timestamp="04 Dec 2022 06:52:05 GMT" time="13.200" errors="0">
  <testcase name="test2" time="3.630" classname="restapibdd.GetRequest"/>
  <testcase name="test3" time="2.236" classname="restapibdd.GetRequest"/>
  <testcase name="test" time="7.334" classname="restapibdd.GetRequest"/>
</testsuite> <!-- restapibdd.GetRequest -->
