<?xml version="1.0" encoding="UTF-8"?>
<!-- Generated by org.testng.reporters.JUnitReportReporter -->
<testsuite skipped="0" hostname="DESKTOP-KGRR886" name="restgithub.CreateRepo" tests="1" failures="0" timestamp="04 Dec 2022 07:11:16 GMT" time="7.208" errors="0">
  <testcase name="test" time="7.208" classname="restgithub.CreateRepo"/>
</testsuite> <!-- restgithub.CreateRepo -->
