<?xml version="1.0" encoding="UTF-8"?>
<!-- Generated by org.testng.reporters.JUnitReportReporter -->
<testsuite skipped="0" hostname="DESKTOP-KGRR886" name="restapi.DeleteRequest" tests="1" failures="0" timestamp="04 Dec 2022 04:45:03 GMT" time="13.283" errors="0">
  <testcase name="Test1" time="13.283" classname="restapi.DeleteRequest"/>
</testsuite> <!-- restapi.DeleteRequest -->
