<?xml version="1.0" encoding="UTF-8"?>
<!-- Generated by org.testng.reporters.JUnitReportReporter -->
<testsuite skipped="0" hostname="DESKTOP-KGRR886" name="restapixml.XMLExample" tests="1" failures="0" timestamp="04 Dec 2022 05:22:15 GMT" time="8.721" errors="0">
  <testcase name="test" time="8.721" classname="restapixml.XMLExample"/>
</testsuite> <!-- restapixml.XMLExample -->
