<?xml version="1.0" encoding="UTF-8"?>
<!-- Generated by org.testng.reporters.JUnitReportReporter -->
<testsuite skipped="0" hostname="DESKTOP-KGRR886" name="restapi.PostRequestwithHashMap" tests="1" failures="0" timestamp="04 Dec 2022 04:11:14 GMT" time="12.206" errors="0">
  <testcase name="Test1" time="12.206" classname="restapi.PostRequestwithHashMap"/>
</testsuite> <!-- restapi.PostRequestwithHashMap -->
