<?xml version="1.0" encoding="UTF-8"?>
<!-- Generated by org.testng.reporters.JUnitReportReporter -->
<testsuite skipped="0" hostname="DESKTOP-KGRR886" name="restapibdd.PostRequest" tests="1" failures="0" timestamp="04 Dec 2022 06:45:08 GMT" time="9.071" errors="0">
  <testcase name="test1" time="9.071" classname="restapibdd.PostRequest"/>
</testsuite> <!-- restapibdd.PostRequest -->
